[debug] [2022-09-01T15:38:28.473Z] ----------------------------------------------------------------------
[debug] [2022-09-01T15:38:28.475Z] Command:       C:\Program Files\nodejs\node.exe C:\Users\user\AppData\Roaming\npm\node_modules\firebase-tools\lib\bin\firebase.js emulators:start
[debug] [2022-09-01T15:38:28.476Z] CLI Version:   11.8.0
[debug] [2022-09-01T15:38:28.476Z] Platform:      win32
[debug] [2022-09-01T15:38:28.476Z] Node Version:  v16.13.0
[debug] [2022-09-01T15:38:28.479Z] Time:          Thu Sep 01 2022 23:38:28 GMT+0800 (China Standard Time)
[debug] [2022-09-01T15:38:28.480Z] ----------------------------------------------------------------------
[debug] 
[debug] [2022-09-01T15:38:28.605Z] > command requires scopes: ["email","openid","https://www.googleapis.com/auth/cloudplatformprojects.readonly","https://www.googleapis.com/auth/firebase","https://www.googleapis.com/auth/cloud-platform"]
[debug] [2022-09-01T15:38:28.606Z] > authorizing via signed-in user (dannygenmenardo89@gmail.com)
[info] i  emulators: Starting emulators: functions, hosting {"metadata":{"emulator":{"name":"hub"},"message":"Starting emulators: functions, hosting"}}
[debug] [2022-09-01T15:38:28.663Z] [hub] writing locator at C:\Users\user\AppData\Local\Temp\hub-movie-flex-e2169.json
[warn] !  functions: The following emulators are not running, calls to these services from the Functions emulator will affect production: auth, firestore, database, pubsub, storage, eventarc {"metadata":{"emulator":{"name":"functions"},"message":"The following emulators are not running, calls to these services from the Functions emulator will affect production: \u001b[1mauth, firestore, database, pubsub, storage, eventarc\u001b[22m"}}
[info] +  functions: Using node@16 from host. {"metadata":{"emulator":{"name":"functions"},"message":"Using node@16 from host."}}
[debug] [2022-09-01T15:38:28.821Z] defaultcredentials: writing to file C:\Users\user\AppData\Roaming\firebase\dannygenmenardo89_gmail_com_application_default_credentials.json
[debug] [2022-09-01T15:38:28.832Z] Setting GAC to C:\Users\user\AppData\Roaming\firebase\dannygenmenardo89_gmail_com_application_default_credentials.json {"metadata":{"emulator":{"name":"functions"},"message":"Setting GAC to C:\\Users\\user\\AppData\\Roaming\\firebase\\dannygenmenardo89_gmail_com_application_default_credentials.json"}}
[debug] [2022-09-01T15:38:28.837Z] >>> [apiv2][query] GET https://firebase.googleapis.com/v1beta1/projects/movie-flex-e2169/adminSdkConfig [none]
[debug] [2022-09-01T15:38:29.564Z] <<< [apiv2][status] GET https://firebase.googleapis.com/v1beta1/projects/movie-flex-e2169/adminSdkConfig 200
[debug] [2022-09-01T15:38:29.564Z] <<< [apiv2][body] GET https://firebase.googleapis.com/v1beta1/projects/movie-flex-e2169/adminSdkConfig {"projectId":"movie-flex-e2169","storageBucket":"movie-flex-e2169.appspot.com"}
[debug] [2022-09-01T15:38:29.597Z] >>> [apiv2][query] GET https://firebasehosting.googleapis.com/v1beta1/projects/movie-flex-e2169/sites 
[debug] [2022-09-01T15:38:30.494Z] <<< [apiv2][status] GET https://firebasehosting.googleapis.com/v1beta1/projects/movie-flex-e2169/sites 200
[debug] [2022-09-01T15:38:30.494Z] <<< [apiv2][body] GET https://firebasehosting.googleapis.com/v1beta1/projects/movie-flex-e2169/sites {"sites":[{"name":"projects/movie-flex-e2169/sites/movie-flex-e2169","defaultUrl":"https://movie-flex-e2169.web.app","appId":"1:846625483730:web:eba2fe9a4268bf0f98760b","type":"DEFAULT_SITE"}]}
[debug] [2022-09-01T15:38:30.495Z] >>> [apiv2][query] GET https://firebase.googleapis.com/v1beta1/projects/movie-flex-e2169/webApps/1:846625483730:web:eba2fe9a4268bf0f98760b/config [none]
[debug] [2022-09-01T15:38:31.847Z] <<< [apiv2][status] GET https://firebase.googleapis.com/v1beta1/projects/movie-flex-e2169/webApps/1:846625483730:web:eba2fe9a4268bf0f98760b/config 200
[debug] [2022-09-01T15:38:31.847Z] <<< [apiv2][body] GET https://firebase.googleapis.com/v1beta1/projects/movie-flex-e2169/webApps/1:846625483730:web:eba2fe9a4268bf0f98760b/config {"projectId":"movie-flex-e2169","appId":"1:846625483730:web:eba2fe9a4268bf0f98760b","storageBucket":"movie-flex-e2169.appspot.com","apiKey":"AIzaSyBqpxjcnl9ZzxqxfjwXMFtz_TT_lqttivI","authDomain":"movie-flex-e2169.firebaseapp.com","messagingSenderId":"846625483730","measurementId":"G-WQR1VR5GFX"}
[info] i  hosting: Serving hosting files from: build {"metadata":{"emulator":{"name":"hosting"},"message":"Serving hosting files from: \u001b[1mbuild\u001b[22m"}}
[info] +  hosting: Local server: http://localhost:5000 {"metadata":{"emulator":{"name":"hosting"},"message":"Local server: \u001b[4m\u001b[1mhttp://localhost:5000\u001b[22m\u001b[24m"}}
[info] i  ui: downloading ui-v1.9.0.zip... {"metadata":{"emulator":{"name":"ui"},"message":"downloading ui-v1.9.0.zip..."}}
[debug] [2022-09-01T15:38:31.920Z] >>> [apiv2][query] GET https://storage.googleapis.com/firebase-preview-drop/emulator/ui-v1.9.0.zip 
[debug] [2022-09-01T15:38:32.194Z] <<< [apiv2][status] GET https://storage.googleapis.com/firebase-preview-drop/emulator/ui-v1.9.0.zip 200
[debug] [2022-09-01T15:38:32.194Z] <<< [apiv2][body] GET https://storage.googleapis.com/firebase-preview-drop/emulator/ui-v1.9.0.zip [stream]
[debug] [2022-09-01T15:38:33.146Z] Ignoring unsupported arg: auto_download {"metadata":{"emulator":{"name":"ui"},"message":"Ignoring unsupported arg: auto_download"}}
[debug] [2022-09-01T15:38:33.146Z] Ignoring unsupported arg: port {"metadata":{"emulator":{"name":"ui"},"message":"Ignoring unsupported arg: port"}}
[debug] [2022-09-01T15:38:33.146Z] Starting Emulator UI with command {"binary":"node","args":["C:\\Users\\user\\.cache\\firebase\\emulators\\ui-v1.9.0\\server\\server.js"],"optionalArgs":[],"joinArgs":false} {"metadata":{"emulator":{"name":"ui"},"message":"Starting Emulator UI with command {\"binary\":\"node\",\"args\":[\"C:\\\\Users\\\\user\\\\.cache\\\\firebase\\\\emulators\\\\ui-v1.9.0\\\\server\\\\server.js\"],\"optionalArgs\":[],\"joinArgs\":false}"}}
[info] i  ui: Emulator UI logging to ui-debug.log {"metadata":{"emulator":{"name":"ui"},"message":"Emulator UI logging to \u001b[1mui-debug.log\u001b[22m"}}
[debug] [2022-09-01T15:38:33.370Z] Web / API server started at localhost:4000
 {"metadata":{"emulator":{"name":"ui"},"message":"Web / API server started at localhost:4000\n"}}
[info] i  functions: Watching "C:\Users\user\Desktop\movieFleX\movie-flex\functions" for Cloud Functions... {"metadata":{"emulator":{"name":"functions"},"message":"Watching \"C:\\Users\\user\\Desktop\\movieFleX\\movie-flex\\functions\" for Cloud Functions..."}}
[debug] [2022-09-01T15:38:33.433Z] Validating nodejs source
[debug] [2022-09-01T15:38:39.063Z] > [functions] package.json contents: {
  "name": "functions",
  "description": "Cloud Functions for Firebase",
  "scripts": {
    "lint": "eslint .",
    "serve": "firebase emulators:start --only functions",
    "shell": "firebase functions:shell",
    "start": "npm run shell",
    "deploy": "firebase deploy --only functions",
    "logs": "firebase functions:log"
  },
  "engines": {
    "node": "16"
  },
  "main": "index.js",
  "dependencies": {
    "express": "^4.18.1",
    "firebase-admin": "^10.0.2",
    "firebase-functions": "^3.18.0"
  },
  "devDependencies": {
    "eslint": "^8.9.0",
    "eslint-config-google": "^0.14.0",
    "firebase-functions-test": "^0.2.0"
  },
  "private": true
}
[debug] [2022-09-01T15:38:39.064Z] Building nodejs source
[debug] [2022-09-01T15:38:39.064Z] Analyzing nodejs backend spec
[debug] [2022-09-01T15:38:39.066Z] Could not find functions.yaml. Must use http discovery
[debug] [2022-09-01T15:38:39.650Z] Serving at port 9005

[debug] [2022-09-01T15:38:39.783Z] Got response from /__/functions.yaml Failed to generate manifest from function source: Error: Cannot find module 'stripe'
Require stack:
- C:\Users\user\Desktop\movieFleX\movie-flex\functions\index.js
- C:\Users\user\Desktop\movieFleX\movie-flex\functions\node_modules\firebase-functions\lib\runtime\loader.js
- C:\Users\user\Desktop\movieFleX\movie-flex\functions\node_modules\firebase-functions\lib\bin\firebase-functions.js
[debug] [2022-09-01T15:38:39.787Z] Failed to parse functions.yamlincomplete explicit mapping pair; a key node is missed; or followed by a non-tabulated empty line at line 1, column 56:
     ... fest from function source: Error: Cannot find module 'stripe'
                                         ^ {"name":"YAMLException","reason":"incomplete explicit mapping pair; a key node is missed; or followed by a non-tabulated empty line","mark":{"name":null,"buffer":"Failed to generate manifest from function source: Error: Cannot find module 'stripe'\nRequire stack:\n- C:\\Users\\user\\Desktop\\movieFleX\\movie-flex\\functions\\index.js\n- C:\\Users\\user\\Desktop\\movieFleX\\movie-flex\\functions\\node_modules\\firebase-functions\\lib\\runtime\\loader.js\n- C:\\Users\\user\\Desktop\\movieFleX\\movie-flex\\functions\\node_modules\\firebase-functions\\lib\\bin\\firebase-functions.js\n\u0000","position":55,"line":0,"column":55},"message":"incomplete explicit mapping pair; a key node is missed; or followed by a non-tabulated empty line at line 1, column 56:\n     ... fest from function source: Error: Cannot find module 'stripe'\n                                         ^"}
[debug] [2022-09-01T15:38:39.794Z] shutdown requested via /__/quitquitquit

[error] !!  functions: Failed to load function definition from source: FirebaseError: Failed to load function definition from source: Failed to generate manifest from function source: Error: Cannot find module 'stripe'
Require stack:
- C:\Users\user\Desktop\movieFleX\movie-flex\functions\index.js
- C:\Users\user\Desktop\movieFleX\movie-flex\functions\node_modules\firebase-functions\lib\runtime\loader.js
- C:\Users\user\Desktop\movieFleX\movie-flex\functions\node_modules\firebase-functions\lib\bin\firebase-functions.js {"metadata":{"emulator":{"name":"functions"},"message":"Failed to load function definition from source: FirebaseError: Failed to load function definition from source: Failed to generate manifest from function source: Error: Cannot find module 'stripe'\nRequire stack:\n- C:\\Users\\user\\Desktop\\movieFleX\\movie-flex\\functions\\index.js\n- C:\\Users\\user\\Desktop\\movieFleX\\movie-flex\\functions\\node_modules\\firebase-functions\\lib\\runtime\\loader.js\n- C:\\Users\\user\\Desktop\\movieFleX\\movie-flex\\functions\\node_modules\\firebase-functions\\lib\\bin\\firebase-functions.js"}}
[info] 
┌─────────────────────────────────────────────────────────────┐
│ ✔  All emulators ready! It is now safe to connect your app. │
│ i  View Emulator UI at http://localhost:4000                │
└─────────────────────────────────────────────────────────────┘

┌───────────┬────────────────┬─────────────────────────────────┐
│ Emulator  │ Host:Port      │ View in Emulator UI             │
├───────────┼────────────────┼─────────────────────────────────┤
│ Functions │ localhost:5001 │ http://localhost:4000/functions │
├───────────┼────────────────┼─────────────────────────────────┤
│ Hosting   │ localhost:5000 │ n/a                             │
└───────────┴────────────────┴─────────────────────────────────┘
  Emulator Hub running at localhost:4400
  Other reserved ports: 4500

Issues? Report them at https://github.com/firebase/firebase-tools/issues and attach the *-debug.log files.
 
